<?xml version="1.0" encoding="UTF-8"?>
<!-- Generated by org.testng.reporters.JUnitReportReporter -->
<testsuite skipped="0" hostname="Alenas-MacBook.local" name="core.PrimeNumberCheckerTest" tests="99" failures="0" timestamp="2020-04-26T18:35:00 PDT" time="0.303" errors="0">
  <testcase name="test" time="0.002" classname="core.PrimeNumberCheckerTest"/>
  <system-out/>
  <testcase name="test" time="0.002" classname="core.PrimeNumberCheckerTest"/>
  <system-out/>
  <testcase name="test" time="0.002" classname="core.PrimeNumberCheckerTest"/>
  <system-out/>
  <testcase name="test" time="0.002" classname="core.PrimeNumberCheckerTest"/>
  <system-out/>
  <testcase name="test" time="0.002" classname="core.PrimeNumberCheckerTest"/>
  <system-out/>
  <testcase name="test" time="0.002" classname="core.PrimeNumberCheckerTest"/>
  <system-out/>
  <testcase name="test" time="0.004" classname="core.PrimeNumberCheckerTest"/>
  <system-out/>
  <testcase name="test" time="0.001" classname="core.PrimeNumberCheckerTest"/>
  <system-out/>
  <testcase name="test" time="0.002" classname="core.PrimeNumberCheckerTest"/>
  <system-out/>
  <testcase name="test" time="0.001" classname="core.PrimeNumberCheckerTest"/>
  <system-out/>
  <testcase name="test" time="0.002" classname="core.PrimeNumberCheckerTest"/>
  <system-out/>
  <testcase name="test" time="0.002" classname="core.PrimeNumberCheckerTest"/>
  <system-out/>
  <testcase name="test" time="0.003" classname="core.PrimeNumberCheckerTest"/>
  <system-out/>
  <testcase name="test" time="0.002" classname="core.PrimeNumberCheckerTest"/>
  <system-out/>
  <testcase name="test" time="0.002" classname="core.PrimeNumberCheckerTest"/>
  <system-out/>
  <testcase name="test" time="0.002" classname="core.PrimeNumberCheckerTest"/>
  <system-out/>
  <testcase name="test" time="0.004" classname="core.PrimeNumberCheckerTest"/>
  <system-out/>
  <testcase name="test" time="0.004" classname="core.PrimeNumberCheckerTest"/>
  <system-out/>
  <testcase name="test" time="0.022" classname="core.PrimeNumberCheckerTest"/>
  <system-out/>
  <testcase name="test" time="0.001" classname="core.PrimeNumberCheckerTest"/>
  <system-out/>
  <testcase name="test" time="0.002" classname="core.PrimeNumberCheckerTest"/>
  <system-out/>
  <testcase name="test" time="0.005" classname="core.PrimeNumberCheckerTest"/>
  <system-out/>
  <testcase name="test" time="0.003" classname="core.PrimeNumberCheckerTest"/>
  <system-out/>
  <testcase name="test" time="0.002" classname="core.PrimeNumberCheckerTest"/>
  <system-out/>
  <testcase name="test" time="0.002" classname="core.PrimeNumberCheckerTest"/>
  <system-out/>
  <testcase name="test" time="0.002" classname="core.PrimeNumberCheckerTest"/>
  <system-out/>
  <testcase name="test" time="0.003" classname="core.PrimeNumberCheckerTest"/>
  <system-out/>
  <testcase name="test" time="0.003" classname="core.PrimeNumberCheckerTest"/>
  <system-out/>
  <testcase name="test" time="0.004" classname="core.PrimeNumberCheckerTest"/>
  <system-out/>
  <testcase name="test" time="0.003" classname="core.PrimeNumberCheckerTest"/>
  <system-out/>
  <testcase name="test" time="0.002" classname="core.PrimeNumberCheckerTest"/>
  <system-out/>
  <testcase name="test" time="0.003" classname="core.PrimeNumberCheckerTest"/>
  <system-out/>
  <testcase name="test" time="0.002" classname="core.PrimeNumberCheckerTest"/>
  <system-out/>
  <testcase name="test" time="0.003" classname="core.PrimeNumberCheckerTest"/>
  <system-out/>
  <testcase name="test" time="0.001" classname="core.PrimeNumberCheckerTest"/>
  <system-out/>
  <testcase name="test" time="0.013" classname="core.PrimeNumberCheckerTest"/>
  <system-out/>
  <testcase name="test" time="0.006" classname="core.PrimeNumberCheckerTest"/>
  <system-out/>
  <testcase name="test" time="0.011" classname="core.PrimeNumberCheckerTest"/>
  <system-out/>
  <testcase name="test" time="0.001" classname="core.PrimeNumberCheckerTest"/>
  <system-out/>
  <testcase name="test" time="0.003" classname="core.PrimeNumberCheckerTest"/>
  <system-out/>
  <testcase name="test" time="0.001" classname="core.PrimeNumberCheckerTest"/>
  <system-out/>
  <testcase name="test" time="0.002" classname="core.PrimeNumberCheckerTest"/>
  <system-out/>
  <testcase name="test" time="0.002" classname="core.PrimeNumberCheckerTest"/>
  <system-out/>
  <testcase name="test" time="0.001" classname="core.PrimeNumberCheckerTest"/>
  <system-out/>
  <testcase name="test" time="0.001" classname="core.PrimeNumberCheckerTest"/>
  <system-out/>
  <testcase name="test" time="0.002" classname="core.PrimeNumberCheckerTest"/>
  <system-out/>
  <testcase name="test" time="0.002" classname="core.PrimeNumberCheckerTest"/>
  <system-out/>
  <testcase name="test" time="0.002" classname="core.PrimeNumberCheckerTest"/>
  <system-out/>
  <testcase name="test" time="0.004" classname="core.PrimeNumberCheckerTest"/>
  <system-out/>
  <testcase name="test" time="0.002" classname="core.PrimeNumberCheckerTest"/>
  <system-out/>
  <testcase name="test" time="0.001" classname="core.PrimeNumberCheckerTest"/>
  <system-out/>
  <testcase name="test" time="0.002" classname="core.PrimeNumberCheckerTest"/>
  <system-out/>
  <testcase name="test" time="0.002" classname="core.PrimeNumberCheckerTest"/>
  <system-out/>
  <testcase name="test" time="0.003" classname="core.PrimeNumberCheckerTest"/>
  <system-out/>
  <testcase name="test" time="0.004" classname="core.PrimeNumberCheckerTest"/>
  <system-out/>
  <testcase name="test" time="0.001" classname="core.PrimeNumberCheckerTest"/>
  <system-out/>
  <testcase name="test" time="0.002" classname="core.PrimeNumberCheckerTest"/>
  <system-out/>
  <testcase name="test" time="0.008" classname="core.PrimeNumberCheckerTest"/>
  <system-out/>
  <testcase name="test" time="0.001" classname="core.PrimeNumberCheckerTest"/>
  <system-out/>
  <testcase name="test" time="0.001" classname="core.PrimeNumberCheckerTest"/>
  <system-out/>
  <testcase name="test" time="0.003" classname="core.PrimeNumberCheckerTest"/>
  <system-out/>
  <testcase name="test" time="0.002" classname="core.PrimeNumberCheckerTest"/>
  <system-out/>
  <testcase name="test" time="0.002" classname="core.PrimeNumberCheckerTest"/>
  <system-out/>
  <testcase name="test" time="0.001" classname="core.PrimeNumberCheckerTest"/>
  <system-out/>
  <testcase name="test" time="0.001" classname="core.PrimeNumberCheckerTest"/>
  <system-out/>
  <testcase name="test" time="0.002" classname="core.PrimeNumberCheckerTest"/>
  <system-out/>
  <testcase name="test" time="0.013" classname="core.PrimeNumberCheckerTest"/>
  <system-out/>
  <testcase name="test" time="0.002" classname="core.PrimeNumberCheckerTest"/>
  <system-out/>
  <testcase name="test" time="0.003" classname="core.PrimeNumberCheckerTest"/>
  <system-out/>
  <testcase name="test" time="0.003" classname="core.PrimeNumberCheckerTest"/>
  <system-out/>
  <testcase name="test" time="0.002" classname="core.PrimeNumberCheckerTest"/>
  <system-out/>
  <testcase name="test" time="0.002" classname="core.PrimeNumberCheckerTest"/>
  <system-out/>
  <testcase name="test" time="0.002" classname="core.PrimeNumberCheckerTest"/>
  <system-out/>
  <testcase name="test" time="0.001" classname="core.PrimeNumberCheckerTest"/>
  <system-out/>
  <testcase name="test" time="0.000" classname="core.PrimeNumberCheckerTest"/>
  <system-out/>
  <testcase name="test" time="0.002" classname="core.PrimeNumberCheckerTest"/>
  <system-out/>
  <testcase name="test" time="0.014" classname="core.PrimeNumberCheckerTest"/>
  <system-out/>
  <testcase name="test" time="0.003" classname="core.PrimeNumberCheckerTest"/>
  <system-out/>
  <testcase name="test" time="0.002" classname="core.PrimeNumberCheckerTest"/>
  <system-out/>
  <testcase name="test" time="0.013" classname="core.PrimeNumberCheckerTest"/>
  <system-out/>
  <testcase name="test" time="0.006" classname="core.PrimeNumberCheckerTest"/>
  <system-out/>
  <testcase name="test" time="0.002" classname="core.PrimeNumberCheckerTest"/>
  <system-out/>
  <testcase name="test" time="0.003" classname="core.PrimeNumberCheckerTest"/>
  <system-out/>
  <testcase name="test" time="0.002" classname="core.PrimeNumberCheckerTest"/>
  <system-out/>
  <testcase name="test" time="0.002" classname="core.PrimeNumberCheckerTest"/>
  <system-out/>
  <testcase name="test" time="0.002" classname="core.PrimeNumberCheckerTest"/>
  <system-out/>
  <testcase name="test" time="0.001" classname="core.PrimeNumberCheckerTest"/>
  <system-out/>
  <testcase name="test" time="0.003" classname="core.PrimeNumberCheckerTest"/>
  <system-out/>
  <testcase name="test" time="0.001" classname="core.PrimeNumberCheckerTest"/>
  <system-out/>
  <testcase name="test" time="0.002" classname="core.PrimeNumberCheckerTest"/>
  <system-out/>
  <testcase name="test" time="0.000" classname="core.PrimeNumberCheckerTest"/>
  <system-out/>
  <testcase name="test" time="0.003" classname="core.PrimeNumberCheckerTest"/>
  <system-out/>
  <testcase name="test" time="0.002" classname="core.PrimeNumberCheckerTest"/>
  <system-out/>
  <testcase name="test" time="0.001" classname="core.PrimeNumberCheckerTest"/>
  <system-out/>
  <testcase name="test" time="0.001" classname="core.PrimeNumberCheckerTest"/>
  <system-out/>
  <testcase name="test" time="0.002" classname="core.PrimeNumberCheckerTest"/>
  <system-out/>
  <testcase name="test" time="0.002" classname="core.PrimeNumberCheckerTest"/>
  <system-out/>
  <testcase name="test" time="0.011" classname="core.PrimeNumberCheckerTest"/>
  <system-out/>
  <testcase name="test" time="0.002" classname="core.PrimeNumberCheckerTest"/>
  <system-out/>
</testsuite> <!-- core.PrimeNumberCheckerTest -->
